<?xml version="1.0" encoding="UTF-8"?>
<testsuite xmlns:xsi="http://www.w3.org/2001/XMLSchema-instance" xsi:noNamespaceSchemaLocation="https://maven.apache.org/surefire/maven-surefire-plugin/xsd/surefire-test-report.xsd" name="com.blockbreakreward.PluginTest" time="0.08" tests="1" errors="0" skipped="0" failures="0">
  <properties>
    <property name="java.specification.version" value="16"/>
    <property name="sun.cpu.isalist" value="amd64"/>
    <property name="sun.jnu.encoding" value="Cp1252"/>
    <property name="java.class.path" value="d:\MyMinecraftPlugins\blockbreakreward\blockbreakreward\target\test-classes;d:\MyMinecraftPlugins\blockbreakreward\blockbreakreward\target\classes;C:\Users\Windows 10 TIMT\.m2\repository\junit\junit\4.11\junit-4.11.jar;C:\Users\Windows 10 TIMT\.m2\repository\org\hamcrest\hamcrest-core\1.3\hamcrest-core-1.3.jar;C:\Users\Windows 10 TIMT\.m2\repository\org\spigotmc\spigot-api\1.16.5-R0.1-SNAPSHOT\spigot-api-1.16.5-R0.1-SNAPSHOT.jar;C:\Users\Windows 10 TIMT\.m2\repository\commons-lang\commons-lang\2.6\commons-lang-2.6.jar;C:\Users\Windows 10 TIMT\.m2\repository\com\google\guava\guava\21.0\guava-21.0.jar;C:\Users\Windows 10 TIMT\.m2\repository\com\google\code\gson\gson\2.8.0\gson-2.8.0.jar;C:\Users\Windows 10 TIMT\.m2\repository\net\md-5\bungeecord-chat\1.16-R0.4\bungeecord-chat-1.16-R0.4.jar;C:\Users\Windows 10 TIMT\.m2\repository\org\yaml\snakeyaml\1.27\snakeyaml-1.27.jar;C:\Users\Windows 10 TIMT\.m2\repository\org\bstats\bstats-bukkit\3.0.0\bstats-bukkit-3.0.0.jar;C:\Users\Windows 10 TIMT\.m2\repository\org\bstats\bstats-base\3.0.0\bstats-base-3.0.0.jar;"/>
    <property name="java.vm.vendor" value="Oracle Corporation"/>
    <property name="sun.arch.data.model" value="64"/>
    <property name="user.variant" value=""/>
    <property name="java.vendor.url" value="https://java.oracle.com/"/>
    <property name="user.timezone" value="Asia/Saigon"/>
    <property name="os.name" value="Windows 10"/>
    <property name="java.vm.specification.version" value="16"/>
    <property name="sun.java.launcher" value="SUN_STANDARD"/>
    <property name="user.country" value="US"/>
    <property name="sun.boot.library.path" value="D:\JDK16\bin"/>
    <property name="sun.java.command" value="C:\Users\WINDOW~1\AppData\Local\Temp\surefire14757132881172175705\surefirebooter16240830382454737248.jar C:\Users\Windows 10 TIMT\AppData\Local\Temp\surefire14757132881172175705 2022-08-19T21-27-35_140-jvmRun1 surefire2278282403122142831tmp surefire_02343527411563911724tmp"/>
    <property name="jdk.debug" value="release"/>
    <property name="surefire.test.class.path" value="d:\MyMinecraftPlugins\blockbreakreward\blockbreakreward\target\test-classes;d:\MyMinecraftPlugins\blockbreakreward\blockbreakreward\target\classes;C:\Users\Windows 10 TIMT\.m2\repository\junit\junit\4.11\junit-4.11.jar;C:\Users\Windows 10 TIMT\.m2\repository\org\hamcrest\hamcrest-core\1.3\hamcrest-core-1.3.jar;C:\Users\Windows 10 TIMT\.m2\repository\org\spigotmc\spigot-api\1.16.5-R0.1-SNAPSHOT\spigot-api-1.16.5-R0.1-SNAPSHOT.jar;C:\Users\Windows 10 TIMT\.m2\repository\commons-lang\commons-lang\2.6\commons-lang-2.6.jar;C:\Users\Windows 10 TIMT\.m2\repository\com\google\guava\guava\21.0\guava-21.0.jar;C:\Users\Windows 10 TIMT\.m2\repository\com\google\code\gson\gson\2.8.0\gson-2.8.0.jar;C:\Users\Windows 10 TIMT\.m2\repository\net\md-5\bungeecord-chat\1.16-R0.4\bungeecord-chat-1.16-R0.4.jar;C:\Users\Windows 10 TIMT\.m2\repository\org\yaml\snakeyaml\1.27\snakeyaml-1.27.jar;C:\Users\Windows 10 TIMT\.m2\repository\org\bstats\bstats-bukkit\3.0.0\bstats-bukkit-3.0.0.jar;C:\Users\Windows 10 TIMT\.m2\repository\org\bstats\bstats-base\3.0.0\bstats-base-3.0.0.jar;"/>
    <property name="sun.cpu.endian" value="little"/>
    <property name="user.home" value="C:\Users\Windows 10 TIMT"/>
    <property name="user.language" value="en"/>
    <property name="java.specification.vendor" value="Oracle Corporation"/>
    <property name="java.version.date" value="2021-07-20"/>
    <property name="java.home" value="D:\JDK16"/>
    <property name="file.separator" value="\"/>
    <property name="basedir" value="d:\MyMinecraftPlugins\blockbreakreward\blockbreakreward"/>
    <property name="java.vm.compressedOopsMode" value="Zero based"/>
    <property name="line.separator" value="&#10;"/>
    <property name="java.vm.specification.vendor" value="Oracle Corporation"/>
    <property name="java.specification.name" value="Java Platform API Specification"/>
    <property name="surefire.real.class.path" value="C:\Users\WINDOW~1\AppData\Local\Temp\surefire14757132881172175705\surefirebooter16240830382454737248.jar"/>
    <property name="user.script" value=""/>
    <property name="sun.management.compiler" value="HotSpot 64-Bit Tiered Compilers"/>
    <property name="java.runtime.version" value="16.0.2+7-67"/>
    <property name="user.name" value="Windows 10 TIMT"/>
    <property name="path.separator" value=";"/>
    <property name="os.version" value="10.0"/>
    <property name="java.runtime.name" value="Java(TM) SE Runtime Environment"/>
    <property name="file.encoding" value="Cp1252"/>
    <property name="java.vm.name" value="Java HotSpot(TM) 64-Bit Server VM"/>
    <property name="localRepository" value="C:\Users\Windows 10 TIMT\.m2\repository"/>
    <property name="java.vendor.url.bug" value="https://bugreport.java.com/bugreport/"/>
    <property name="java.io.tmpdir" value="C:\Users\WINDOW~1\AppData\Local\Temp\"/>
    <property name="java.version" value="16.0.2"/>
    <property name="user.dir" value="d:\MyMinecraftPlugins\blockbreakreward\blockbreakreward"/>
    <property name="os.arch" value="amd64"/>
    <property name="java.vm.specification.name" value="Java Virtual Machine Specification"/>
    <property name="sun.os.patch.level" value=""/>
    <property name="java.library.path" value="D:\JDK16\bin;C:\WINDOWS\Sun\Java\bin;C:\WINDOWS\system32;C:\WINDOWS;C:\Program Files\Common Files\Oracle\Java\javapath;C:\Program Files (x86)\Common Files\Oracle\Java\javapath;D:\Eclipse Temurin JDK Hotspot\bin;C:\Python310\Scripts\;C:\Python310\;C:\Program Files (x86)\Common Files\Intel\Shared Libraries\redist\intel64\compiler;C:\WINDOWS\system32;C:\WINDOWS;C:\WINDOWS\System32\Wbem;C:\WINDOWS\System32\WindowsPowerShell\v1.0\;C:\WINDOWS\System32\OpenSSH\;C:\Program Files\NVIDIA Corporation\NVIDIA NvDLISR;C:\Program Files\Zulu\zulu_java11\bin;C:\Program Files (x86)\NVIDIA Corporation\PhysX\Common;C:\WINDOWS\system32;C:\WINDOWS;C:\WINDOWS\System32\Wbem;C:\WINDOWS\System32\WindowsPowerShell\v1.0\;C:\WINDOWS\System32\OpenSSH\;D:\Intel(R) Management Engine Components\Intel\DAL;C:\Program Files\Intel\Intel(R) Management Engine Components\DAL;D:\Quick Time 7\QTSystem\;C:\Program Files\dotnet\;D:\MSYS64\mingw64\bin;D:\Git\bin;D:\Nodejs\;C:\ProgramData\chocolatey\bin;D:\JDK16\bin;D:\Maven\bin;C:\Users\Windows 10 TIMT\AppData\Local\Microsoft\WindowsApps;C:\Users\Windows 10 TIMT\.dotnet\tools;D:\Visual studio code\Microsoft VS Code\bin;D:\MSY64\mingw64\bin;D:\Appdata\npm;D:\JDK16;D:\Maven\bin;;."/>
    <property name="java.vm.info" value="mixed mode, sharing"/>
    <property name="java.vendor" value="Oracle Corporation"/>
    <property name="java.vm.version" value="16.0.2+7-67"/>
    <property name="sun.io.unicode.encoding" value="UnicodeLittle"/>
    <property name="java.class.version" value="60.0"/>
  </properties>
  <testcase name="shouldAnswerWithTrue" classname="com.blockbreakreward.PluginTest" time="0.014"/>
</testsuite>